#
# There is insufficient memory for the Java Runtime Environment to continue.
# Native memory allocation (mmap) failed to map 264241152 bytes. Error detail: G1 virtual space
# Possible reasons:
#   The system is out of physical RAM or swap space
#   This process is running with CompressedOops enabled, and the Java Heap may be blocking the growth of the native heap
# Possible solutions:
#   Reduce memory load on the system
#   Increase physical memory or swap space
#   Check if swap backing store is full
#   Decrease Java heap size (-Xmx/-Xms)
#   Decrease number of Java threads
#   Decrease Java thread stack sizes (-Xss)
#   Set larger code cache with -XX:ReservedCodeCacheSize=
#   JVM is running with Zero Based Compressed Oops mode in which the Java heap is
#     placed in the first 32GB address space. The Java Heap base address is the
#     maximum limit for the native heap growth. Please use -XX:HeapBaseMinAddress
#     to set the Java Heap base and to place the Java Heap above 32GB virtual address.
# This output file may be truncated or incomplete.
#
#  Out of Memory Error (os_windows.cpp:3825), pid=19244, tid=28376
#
# JRE version:  (17.0.12+1) (build )
# Java VM: OpenJDK 64-Bit Server VM (17.0.12+1-b1087.25, mixed mode, sharing, tiered, compressed oops, compressed class ptrs, g1 gc, windows-amd64)
# No core dump will be written. Minidumps are not enabled by default on client versions of Windows
#

---------------  S U M M A R Y ------------

Command Line: -Dfile.encoding=GBK D:\Huawei\DevEco Studio\sdk\default\openharmony\toolchains\lib\app_packing_tool.jar --mode hap --force true --lib-path D:\DevEcoStudioProjects\lc\entry\build\default\intermediates\stripped_native_libs\default --json-path D:\DevEcoStudioProjects\lc\entry\build\default\intermediates\package\default\module.json --resources-path D:\DevEcoStudioProjects\lc\entry\build\default\intermediates\res\default\resources --index-path D:\DevEcoStudioProjects\lc\entry\build\default\intermediates\res\default\resources.index --pack-info-path D:\DevEcoStudioProjects\lc\entry\build\default\outputs\default\pack.info --out-path D:\DevEcoStudioProjects\lc\entry\build\default\outputs\default\entry-default-unsigned.hap --ets-path D:\DevEcoStudioProjects\lc\entry\build\default\intermediates\loader_out\default\ets --pkg-context-path D:\DevEcoStudioProjects\lc\entry\build\default\intermediates\loader\default\pkgContextInfo.json

Host: 11th Gen Intel(R) Core(TM) i5-11400H @ 2.70GHz, 12 cores, 15G,  Windows 11 , 64 bit Build 22621 (10.0.22621.4830)
Time: Thu Mar 13 16:52:44 2025  Windows 11 , 64 bit Build 22621 (10.0.22621.4830) elapsed time: 0.026649 seconds (0d 0h 0m 0s)

---------------  T H R E A D  ---------------

Current thread (0x000001985eb71c10):  JavaThread "Unknown thread" [_thread_in_vm, id=28376, stack(0x00000045ea500000,0x00000045ea600000)]

Stack: [0x00000045ea500000,0x00000045ea600000]
Native frames: (J=compiled Java code, j=interpreted, Vv=VM code, C=native code)
V  [jvm.dll+0x688dd9]
V  [jvm.dll+0x842eaa]
V  [jvm.dll+0x844aee]
V  [jvm.dll+0x845153]
V  [jvm.dll+0x24ba3f]
V  [jvm.dll+0x685ba9]
V  [jvm.dll+0x67a45a]
V  [jvm.dll+0x30c60b]
V  [jvm.dll+0x313ab6]
V  [jvm.dll+0x363c6e]
V  [jvm.dll+0x363e9f]
V  [jvm.dll+0x2e2658]
V  [jvm.dll+0x2e3594]
V  [jvm.dll+0x813b31]
V  [jvm.dll+0x3719c1]
V  [jvm.dll+0x7f2626]
V  [jvm.dll+0x3f563f]
V  [jvm.dll+0x3f7191]
C  [jli.dll+0x528f]
C  [ucrtbase.dll+0x29333]
C  [KERNEL32.DLL+0x1259d]
C  [ntdll.dll+0x5af38]


---------------  P R O C E S S  ---------------

Threads class SMR info:
_java_thread_list=0x00007ffd0a0d0f58, length=0, elements={
}

Java Threads: ( => current thread )

Other Threads:
  0x000001985ebde640 GCTaskThread "GC Thread#0" [stack: 0x00000045ea600000,0x00000045ea700000] [id=17824]
  0x000001985ebef150 ConcurrentGCThread "G1 Main Marker" [stack: 0x00000045ea700000,0x00000045ea800000] [id=12904]
  0x000001985ebefb70 ConcurrentGCThread "G1 Conc#0" [stack: 0x00000045ea800000,0x00000045ea900000] [id=13040]

[error occurred during error reporting (printing all threads), id 0xc0000005, EXCEPTION_ACCESS_VIOLATION (0xc0000005) at pc=0x00007ffd098831c7]

VM state: not at safepoint (not fully initialized)

VM Mutex/Monitor currently owned by a thread:  ([mutex/lock_event])
[0x000001985eb6b4a0] Heap_lock - owner thread: 0x000001985eb71c10

Heap address: 0x0000000704400000, size: 4028 MB, Compressed Oops mode: Zero based, Oop shift amount: 3

CDS archive(s) mapped at: [0x0000000000000000-0x0000000000000000-0x0000000000000000), size 0, SharedBaseAddress: 0x0000000800000000, ArchiveRelocationMode: 1.
Narrow klass base: 0x0000000000000000, Narrow klass shift: 0, Narrow klass range: 0x0

GC Precious Log:
<Empty>

Heap:
 garbage-first heap   total 0K, used 0K [0x0000000704400000, 0x0000000800000000)
  region size 2048K, 0 young (0K), 0 survivors (0K)
 Metaspace       used 0K, committed 0K, reserved 0K
  class space    used 0K, committed 0K, reserved 0K

Heap Regions: E=young(eden), S=young(survivor), O=old, HS=humongous(starts), HC=humongous(continues), CS=collection set, F=free, OA=open archive, CA=closed archive, TAMS=top-at-mark-start (previous, next)

Card table byte_map: [0x0000019873f30000,0x0000019874710000] _byte_map_base: 0x000001987070e000

Marking Bits (Prev, Next): (CMBitMap*) 0x000001985ebdec60, (CMBitMap*) 0x000001985ebdeca0
 Prev Bits: [0x0000019874ef0000, 0x0000019878de0000)
 Next Bits: [0x0000019878de0000, 0x000001987ccd0000)

GC Heap History (0 events):
No events

Dll operation events (1 events):
Event: 0.007 Loaded shared library D:\Huawei\DevEco Studio\jbr\bin\java.dll

Deoptimization events (0 events):
No events

Classes unloaded (0 events):
No events

Classes redefined (0 events):
No events

Internal exceptions (0 events):
No events

VM Operations (0 events):
No events

Events (0 events):
No events


Dynamic libraries:
0x00007ff738ad0000 - 0x00007ff738ada000 	D:\Huawei\DevEco Studio\jbr\bin\java.exe
0x00007ffe077d0000 - 0x00007ffe079e7000 	C:\WINDOWS\SYSTEM32\ntdll.dll
0x00007ffe064f0000 - 0x00007ffe065b4000 	C:\WINDOWS\System32\KERNEL32.DLL
0x00007ffe04eb0000 - 0x00007ffe05280000 	C:\WINDOWS\System32\KERNELBASE.dll
0x00007ffe04d10000 - 0x00007ffe04e21000 	C:\WINDOWS\System32\ucrtbase.dll
0x00007ffdd2980000 - 0x00007ffdd2997000 	D:\Huawei\DevEco Studio\jbr\bin\jli.dll
0x00007ffdd9260000 - 0x00007ffdd927b000 	D:\Huawei\DevEco Studio\jbr\bin\VCRUNTIME140.dll
0x00007ffe06340000 - 0x00007ffe064ee000 	C:\WINDOWS\System32\USER32.dll
0x00007ffe05340000 - 0x00007ffe05366000 	C:\WINDOWS\System32\win32u.dll
0x00007ffdef810000 - 0x00007ffdefaa2000 	C:\WINDOWS\WinSxS\amd64_microsoft.windows.common-controls_6595b64144ccf1df_6.0.22621.4830_none_270fe7d773858e80\COMCTL32.dll
0x00007ffe06150000 - 0x00007ffe06179000 	C:\WINDOWS\System32\GDI32.dll
0x00007ffe06b80000 - 0x00007ffe06c27000 	C:\WINDOWS\System32\msvcrt.dll
0x00007ffe053a0000 - 0x00007ffe054bb000 	C:\WINDOWS\System32\gdi32full.dll
0x00007ffe04c70000 - 0x00007ffe04d0a000 	C:\WINDOWS\System32\msvcp_win.dll
0x00007ffe06620000 - 0x00007ffe06651000 	C:\WINDOWS\System32\IMM32.DLL
0x00007ffdeb920000 - 0x00007ffdeb92c000 	D:\Huawei\DevEco Studio\jbr\bin\vcruntime140_1.dll
0x00007ffd80a60000 - 0x00007ffd80aed000 	D:\Huawei\DevEco Studio\jbr\bin\msvcp140.dll
0x00007ffd09590000 - 0x00007ffd0a215000 	D:\Huawei\DevEco Studio\jbr\bin\server\jvm.dll
0x00007ffe074b0000 - 0x00007ffe07561000 	C:\WINDOWS\System32\ADVAPI32.dll
0x00007ffe06090000 - 0x00007ffe06137000 	C:\WINDOWS\System32\sechost.dll
0x00007ffe05370000 - 0x00007ffe05398000 	C:\WINDOWS\System32\bcrypt.dll
0x00007ffe06a60000 - 0x00007ffe06b74000 	C:\WINDOWS\System32\RPCRT4.dll
0x00007ffdfbf30000 - 0x00007ffdfbf64000 	C:\WINDOWS\SYSTEM32\WINMM.dll
0x00007ffe038f0000 - 0x00007ffe0393d000 	C:\WINDOWS\SYSTEM32\POWRPROF.dll
0x00007ffdfa990000 - 0x00007ffdfa999000 	C:\WINDOWS\SYSTEM32\WSOCK32.dll
0x00007ffdf8e90000 - 0x00007ffdf8e9a000 	C:\WINDOWS\SYSTEM32\VERSION.dll
0x00007ffe05690000 - 0x00007ffe05701000 	C:\WINDOWS\System32\WS2_32.dll
0x00007ffe038d0000 - 0x00007ffe038e3000 	C:\WINDOWS\SYSTEM32\UMPDC.dll
0x00007ffe03b90000 - 0x00007ffe03ba8000 	C:\WINDOWS\SYSTEM32\kernel.appcore.dll
0x00007ffde2c90000 - 0x00007ffde2c9a000 	D:\Huawei\DevEco Studio\jbr\bin\jimage.dll
0x00007ffe02530000 - 0x00007ffe02762000 	C:\WINDOWS\SYSTEM32\DBGHELP.DLL
0x00007ffe066c0000 - 0x00007ffe06a50000 	C:\WINDOWS\System32\combase.dll
0x00007ffe07570000 - 0x00007ffe07647000 	C:\WINDOWS\System32\OLEAUT32.dll
0x00007ffdde870000 - 0x00007ffdde8a2000 	C:\WINDOWS\SYSTEM32\dbgcore.DLL
0x00007ffe04e30000 - 0x00007ffe04eab000 	C:\WINDOWS\System32\bcryptPrimitives.dll
0x00007ffdcc6f0000 - 0x00007ffdcc715000 	D:\Huawei\DevEco Studio\jbr\bin\java.dll

dbghelp: loaded successfully - version: 4.0.5 - missing functions: none
symbol engine: initialized successfully - sym options: 0x614 - pdb path: .;D:\Huawei\DevEco Studio\jbr\bin;C:\WINDOWS\SYSTEM32;C:\WINDOWS\WinSxS\amd64_microsoft.windows.common-controls_6595b64144ccf1df_6.0.22621.4830_none_270fe7d773858e80;D:\Huawei\DevEco Studio\jbr\bin\server

VM Arguments:
jvm_args: -Dfile.encoding=GBK 
java_command: D:\Huawei\DevEco Studio\sdk\default\openharmony\toolchains\lib\app_packing_tool.jar --mode hap --force true --lib-path D:\DevEcoStudioProjects\lc\entry\build\default\intermediates\stripped_native_libs\default --json-path D:\DevEcoStudioProjects\lc\entry\build\default\intermediates\package\default\module.json --resources-path D:\DevEcoStudioProjects\lc\entry\build\default\intermediates\res\default\resources --index-path D:\DevEcoStudioProjects\lc\entry\build\default\intermediates\res\default\resources.index --pack-info-path D:\DevEcoStudioProjects\lc\entry\build\default\outputs\default\pack.info --out-path D:\DevEcoStudioProjects\lc\entry\build\default\outputs\default\entry-default-unsigned.hap --ets-path D:\DevEcoStudioProjects\lc\entry\build\default\intermediates\loader_out\default\ets --pkg-context-path D:\DevEcoStudioProjects\lc\entry\build\default\intermediates\loader\default\pkgContextInfo.json
java_class_path (initial): D:\Huawei\DevEco Studio\sdk\default\openharmony\toolchains\lib\app_packing_tool.jar
Launcher Type: SUN_STANDARD

[Global flags]
     intx CICompilerCount                          = 4                                         {product} {ergonomic}
     uint ConcGCThreads                            = 3                                         {product} {ergonomic}
     uint G1ConcRefinementThreads                  = 10                                        {product} {ergonomic}
   size_t G1HeapRegionSize                         = 2097152                                   {product} {ergonomic}
    uintx GCDrainStackTargetSize                   = 64                                        {product} {ergonomic}
   size_t InitialHeapSize                          = 264241152                                 {product} {ergonomic}
   size_t MarkStackSize                            = 4194304                                   {product} {ergonomic}
   size_t MaxHeapSize                              = 4223664128                                {product} {ergonomic}
   size_t MinHeapDeltaBytes                        = 2097152                                   {product} {ergonomic}
   size_t MinHeapSize                              = 8388608                                   {product} {ergonomic}
    uintx NonNMethodCodeHeapSize                   = 5839372                                {pd product} {ergonomic}
    uintx NonProfiledCodeHeapSize                  = 122909434                              {pd product} {ergonomic}
    uintx ProfiledCodeHeapSize                     = 122909434                              {pd product} {ergonomic}
    uintx ReservedCodeCacheSize                    = 251658240                              {pd product} {ergonomic}
     bool SegmentedCodeCache                       = true                                      {product} {ergonomic}
   size_t SoftMaxHeapSize                          = 4223664128                             {manageable} {ergonomic}
     bool UseCompressedClassPointers               = true                           {product lp64_product} {ergonomic}
     bool UseCompressedOops                        = true                           {product lp64_product} {ergonomic}
     bool UseG1GC                                  = true                                      {product} {ergonomic}
     bool UseLargePagesIndividualAllocation        = false                                  {pd product} {ergonomic}

Logging:
Log output configuration:
 #0: stdout all=warning uptime,level,tags
 #1: stderr all=off uptime,level,tags

Environment Variables:
JAVA_HOME=D:\Huawei\DevEco Studio\jbr
PATH=D:\Huawei\DevEco Studio\tools\node;D:\Huawei\DevEco Studio\jbr\bin;C:\Program Files\Common Files\Oracle\Java\javapath;C:\Program Files\PlasticSCM5\server;C:\Program Files\PlasticSCM5\client;C:\Windows\system32;C:\Windows;C:\Windows\System32\Wbem;C:\Windows\System32\WindowsPowerShell\v1.0\;C:\Windows\System32\OpenSSH\;C:\Program Files (x86)\NVIDIA Corporation\PhysX\Common;C:\Program Files\NVIDIA Corporation\NVIDIA NvDLISR;C:\WINDOWS\system32;C:\WINDOWS;C:\WINDOWS\System32\Wbem;C:\WINDOWS\System32\WindowsPowerShell\v1.0\;C:\WINDOWS\System32\OpenSSH\;C:\Users\asus\AppData\Local\Programs\Python\Python39;C:\Users\asus\AppData\Local\Programs\Python\Python39\Scripts;C:\Program Files\Common Files\Autodesk Shared\;D:\微信web开发者工具\dll;E:\nod; js\;D:\MySQL\MySQL Server 8.0\bin;C:\Program Files\Java\jdk-22\bin;D:\Git\cmd;C:\Program Files\nodejs\;D:\MySQL\MySQL Shell 8.0\bin\;C:\Users\asus\AppData\Local\Microsoft\WindowsApps;;D:\PyCharm Community Edition 2022.2.2\bin;;D:\IntelliJ IDEA Community Edition 2022.3.2\bin;;D:\Microsoft VS Code\bin;D:\idea\IntelliJ IDEA 2023.3.4\bin;;D:\Huawei\DevEco Studio\bin;;C:\Users\asus\AppData\Roaming\npm
USERNAME=asus
OS=Windows_NT
PROCESSOR_IDENTIFIER=Intel64 Family 6 Model 141 Stepping 1, GenuineIntel
TMP=C:\Users\asus\AppData\Local\Temp
TEMP=C:\Users\asus\AppData\Local\Temp



Periodic native trim disabled

JNI global refs:
JNI global refs: 0, weak refs: 0

JNI global refs memory usage: 0, weak refs: 0

OOME stack traces (most recent first):
Classloader memory used:


---------------  S Y S T E M  ---------------

OS:
 Windows 11 , 64 bit Build 22621 (10.0.22621.4830)
OS uptime: 1 days 8:25 hours
Hyper-V role detected

CPU: total 12 (initial active 12) (6 cores per cpu, 2 threads per core) family 6 model 141 stepping 1 microcode 0x34, cx8, cmov, fxsr, ht, mmx, 3dnowpref, sse, sse2, sse3, ssse3, sse4.1, sse4.2, popcnt, lzcnt, tsc, tscinvbit, avx, avx2, aes, erms, clmul, bmi1, bmi2, adx, avx512f, avx512dq, avx512cd, avx512bw, avx512vl, sha, fma, vzeroupper, avx512_vpopcntdq, avx512_vpclmulqdq, avx512_vaes, avx512_vnni, clflush, clflushopt, clwb, avx512_vbmi2, avx512_vbmi, hv
Processor Information for all 12 processors :
  Max Mhz: 2688, Current Mhz: 2688, Mhz Limit: 2688

Memory: 4k page, system-wide physical 16106M (1290M free)
TotalPageFile size 37901M (AvailPageFile size 165M)
current process WorkingSet (physical memory assigned to process): 11M, peak: 11M
current process commit charge ("private bytes"): 64M, peak: 316M

vm_info: OpenJDK 64-Bit Server VM (17.0.12+1-b1087.25) for windows-amd64 JRE (17.0.12+1-b1087.25), built on 2024-08-30 by "builduser" with MS VC++ 16.10 / 16.11 (VS2019)

END.
